[debug] [2025-05-06T15:40:42.334Z] ----------------------------------------------------------------------
[debug] [2025-05-06T15:40:42.336Z] Command:       C:\Program Files\nodejs\node.exe C:\Users\maual\AppData\Roaming\npm\node_modules\firebase-tools\lib\bin\firebase.js init functions
[debug] [2025-05-06T15:40:42.337Z] CLI Version:   14.2.2
[debug] [2025-05-06T15:40:42.337Z] Platform:      win32
[debug] [2025-05-06T15:40:42.337Z] Node Version:  v20.17.0
[debug] [2025-05-06T15:40:42.337Z] Time:          Tue May 06 2025 11:40:42 GMT-0400 (hora de Bolivia)
[debug] [2025-05-06T15:40:42.337Z] ----------------------------------------------------------------------
[debug] 
[debug] [2025-05-06T15:40:42.343Z] > command requires scopes: ["email","openid","https://www.googleapis.com/auth/cloudplatformprojects.readonly","https://www.googleapis.com/auth/firebase","https://www.googleapis.com/auth/cloud-platform"]
[debug] [2025-05-06T15:40:42.344Z] > authorizing via signed-in user (mauricio.gutierrez.p@ucb.edu.bo)
[info] 
     ######## #### ########  ######## ########     ###     ######  ########
     ##        ##  ##     ## ##       ##     ##  ##   ##  ##       ##
     ######    ##  ########  ######   ########  #########  ######  ######
     ##        ##  ##    ##  ##       ##     ## ##     ##       ## ##
     ##       #### ##     ## ######## ########  ##     ##  ######  ########

You're about to initialize a Firebase project in this directory:

  C:\Users\maual\Documents\GitHub\gestion\backend2

[info] 
=== Project Setup
[info] 
[info] First, let's associate this project directory with a Firebase project.
[info] You can create multiple project aliases by running firebase use --add, 
[info] but for now we'll just set up a default project.
[info] 
[info] i  If you want to create a project in a Google Cloud organization or folder, please use "firebase projects:create" instead, and return to this command when you've created the project. 
[debug] [2025-05-06T15:40:54.188Z] ----------------------------------------------------------------------
[debug] [2025-05-06T15:40:54.190Z] Command:       C:\Program Files\nodejs\node.exe C:\Users\maual\AppData\Roaming\npm\node_modules\firebase-tools\lib\bin\firebase.js init functions
[debug] [2025-05-06T15:40:54.191Z] CLI Version:   14.2.2
[debug] [2025-05-06T15:40:54.191Z] Platform:      win32
[debug] [2025-05-06T15:40:54.191Z] Node Version:  v20.17.0
[debug] [2025-05-06T15:40:54.191Z] Time:          Tue May 06 2025 11:40:54 GMT-0400 (hora de Bolivia)
[debug] [2025-05-06T15:40:54.191Z] ----------------------------------------------------------------------
[debug] 
[debug] [2025-05-06T15:40:54.195Z] > command requires scopes: ["email","openid","https://www.googleapis.com/auth/cloudplatformprojects.readonly","https://www.googleapis.com/auth/firebase","https://www.googleapis.com/auth/cloud-platform"]
[debug] [2025-05-06T15:40:54.195Z] > authorizing via signed-in user (mauricio.gutierrez.p@ucb.edu.bo)
[info] 
     ######## #### ########  ######## ########     ###     ######  ########
     ##        ##  ##     ## ##       ##     ##  ##   ##  ##       ##
     ######    ##  ########  ######   ########  #########  ######  ######
     ##        ##  ##    ##  ##       ##     ## ##     ##       ## ##
     ##       #### ##     ## ######## ########  ##     ##  ######  ########

You're about to initialize a Firebase project in this directory:

  C:\Users\maual\Documents\GitHub\gestion\backend2

[info] 
=== Project Setup
[info] 
[info] First, let's associate this project directory with a Firebase project.
[info] You can create multiple project aliases by running firebase use --add, 
[info] but for now we'll just set up a default project.
[info] 
[debug] [2025-05-06T15:41:03.326Z] Checked if tokens are valid: true, expires at: 1746548860846
[debug] [2025-05-06T15:41:03.327Z] Checked if tokens are valid: true, expires at: 1746548860846
[debug] [2025-05-06T15:41:03.328Z] >>> [apiv2][query] GET https://firebase.googleapis.com/v1beta1/availableProjects pageSize=100
[debug] [2025-05-06T15:41:04.593Z] <<< [apiv2][status] GET https://firebase.googleapis.com/v1beta1/availableProjects 200
[debug] [2025-05-06T15:41:04.593Z] <<< [apiv2][body] GET https://firebase.googleapis.com/v1beta1/availableProjects [omitted]
[debug] [2025-05-06T15:41:06.798Z] Checked if tokens are valid: true, expires at: 1746548860846
[debug] [2025-05-06T15:41:06.798Z] Checked if tokens are valid: true, expires at: 1746548860846
[debug] [2025-05-06T15:41:06.798Z] >>> [apiv2][query] POST https://firebase.googleapis.com/v1beta1/projects/gestiondecalidad:addFirebase [none]
[debug] [2025-05-06T15:41:07.230Z] <<< [apiv2][status] POST https://firebase.googleapis.com/v1beta1/projects/gestiondecalidad:addFirebase 403
[debug] [2025-05-06T15:41:07.230Z] <<< [apiv2][body] POST https://firebase.googleapis.com/v1beta1/projects/gestiondecalidad:addFirebase {"error":{"code":403,"message":"The caller does not have permission","status":"PERMISSION_DENIED"}}
[debug] [2025-05-06T15:41:07.231Z] Request to https://firebase.googleapis.com/v1beta1/projects/gestiondecalidad:addFirebase had HTTP Error: 403, The caller does not have permission
[debug] [2025-05-06T15:41:07.398Z] FirebaseError: Request to https://firebase.googleapis.com/v1beta1/projects/gestiondecalidad:addFirebase had HTTP Error: 403, The caller does not have permission
    at responseToError (C:\Users\maual\AppData\Roaming\npm\node_modules\firebase-tools\lib\responseToError.js:52:12)
    at RetryOperation._fn (C:\Users\maual\AppData\Roaming\npm\node_modules\firebase-tools\lib\apiv2.js:312:77)
    at process.processTicksAndRejections (node:internal/process/task_queues:95:5)
[error] 
[error] Error: Failed to add Firebase to Google Cloud Platform project. See firebase-debug.log for more info.
[debug] [2025-05-06T15:50:15.333Z] ----------------------------------------------------------------------
[debug] [2025-05-06T15:50:15.335Z] Command:       C:\Program Files\nodejs\node.exe C:\Users\maual\AppData\Roaming\npm\node_modules\firebase-tools\lib\bin\firebase.js init functions
[debug] [2025-05-06T15:50:15.335Z] CLI Version:   14.2.2
[debug] [2025-05-06T15:50:15.336Z] Platform:      win32
[debug] [2025-05-06T15:50:15.336Z] Node Version:  v20.17.0
[debug] [2025-05-06T15:50:15.336Z] Time:          Tue May 06 2025 11:50:15 GMT-0400 (hora de Bolivia)
[debug] [2025-05-06T15:50:15.336Z] ----------------------------------------------------------------------
[debug] 
[debug] [2025-05-06T15:50:15.340Z] > command requires scopes: ["email","openid","https://www.googleapis.com/auth/cloudplatformprojects.readonly","https://www.googleapis.com/auth/firebase","https://www.googleapis.com/auth/cloud-platform"]
[debug] [2025-05-06T15:50:15.340Z] > authorizing via signed-in user (mauricio.gutierrez.p@ucb.edu.bo)
[info] 
     ######## #### ########  ######## ########     ###     ######  ########
     ##        ##  ##     ## ##       ##     ##  ##   ##  ##       ##
     ######    ##  ########  ######   ########  #########  ######  ######
     ##        ##  ##    ##  ##       ##     ## ##     ##       ## ##
     ##       #### ##     ## ######## ########  ##     ##  ######  ########

You're about to initialize a Firebase project in this directory:

  C:\Users\maual\Documents\GitHub\gestion\backend2

[info] 
=== Project Setup
[info] 
[info] First, let's associate this project directory with a Firebase project.
[info] You can create multiple project aliases by running firebase use --add, 
[info] but for now we'll just set up a default project.
[info] 
[debug] [2025-05-06T15:50:18.249Z] Checked if tokens are valid: true, expires at: 1746548860846
[debug] [2025-05-06T15:50:18.250Z] Checked if tokens are valid: true, expires at: 1746548860846
[debug] [2025-05-06T15:50:18.251Z] >>> [apiv2][query] GET https://firebase.googleapis.com/v1beta1/availableProjects pageSize=100
[debug] [2025-05-06T15:50:19.541Z] <<< [apiv2][status] GET https://firebase.googleapis.com/v1beta1/availableProjects 200
[debug] [2025-05-06T15:50:19.541Z] <<< [apiv2][body] GET https://firebase.googleapis.com/v1beta1/availableProjects [omitted]
[debug] [2025-05-06T15:50:20.815Z] Checked if tokens are valid: true, expires at: 1746548860846
[debug] [2025-05-06T15:50:20.815Z] Checked if tokens are valid: true, expires at: 1746548860846
[debug] [2025-05-06T15:50:20.815Z] >>> [apiv2][query] POST https://firebase.googleapis.com/v1beta1/projects/gestiondecalidad:addFirebase [none]
[debug] [2025-05-06T15:50:21.254Z] <<< [apiv2][status] POST https://firebase.googleapis.com/v1beta1/projects/gestiondecalidad:addFirebase 403
[debug] [2025-05-06T15:50:21.254Z] <<< [apiv2][body] POST https://firebase.googleapis.com/v1beta1/projects/gestiondecalidad:addFirebase {"error":{"code":403,"message":"The caller does not have permission","status":"PERMISSION_DENIED"}}
[debug] [2025-05-06T15:50:21.255Z] Request to https://firebase.googleapis.com/v1beta1/projects/gestiondecalidad:addFirebase had HTTP Error: 403, The caller does not have permission
[debug] [2025-05-06T15:50:21.463Z] FirebaseError: Request to https://firebase.googleapis.com/v1beta1/projects/gestiondecalidad:addFirebase had HTTP Error: 403, The caller does not have permission
    at responseToError (C:\Users\maual\AppData\Roaming\npm\node_modules\firebase-tools\lib\responseToError.js:52:12)
    at RetryOperation._fn (C:\Users\maual\AppData\Roaming\npm\node_modules\firebase-tools\lib\apiv2.js:312:77)
    at process.processTicksAndRejections (node:internal/process/task_queues:95:5)
[error] 
[error] Error: Failed to add Firebase to Google Cloud Platform project. See firebase-debug.log for more info.
[debug] [2025-05-06T15:52:42.918Z] ----------------------------------------------------------------------
[debug] [2025-05-06T15:52:42.920Z] Command:       C:\Program Files\nodejs\node.exe C:\Users\maual\AppData\Roaming\npm\node_modules\firebase-tools\lib\bin\firebase.js init functions
[debug] [2025-05-06T15:52:42.921Z] CLI Version:   14.2.2
[debug] [2025-05-06T15:52:42.921Z] Platform:      win32
[debug] [2025-05-06T15:52:42.921Z] Node Version:  v20.17.0
[debug] [2025-05-06T15:52:42.921Z] Time:          Tue May 06 2025 11:52:42 GMT-0400 (hora de Bolivia)
[debug] [2025-05-06T15:52:42.921Z] ----------------------------------------------------------------------
[debug] 
[debug] [2025-05-06T15:52:42.925Z] > command requires scopes: ["email","openid","https://www.googleapis.com/auth/cloudplatformprojects.readonly","https://www.googleapis.com/auth/firebase","https://www.googleapis.com/auth/cloud-platform"]
[debug] [2025-05-06T15:52:42.925Z] > authorizing via signed-in user (mauricio.gutierrez.p@ucb.edu.bo)
[info] 
     ######## #### ########  ######## ########     ###     ######  ########
     ##        ##  ##     ## ##       ##     ##  ##   ##  ##       ##
     ######    ##  ########  ######   ########  #########  ######  ######
     ##        ##  ##    ##  ##       ##     ## ##     ##       ## ##
     ##       #### ##     ## ######## ########  ##     ##  ######  ########

You're about to initialize a Firebase project in this directory:

  C:\Users\maual\Documents\GitHub\gestion\backend2

[info] 
=== Project Setup
[info] 
[info] First, let's associate this project directory with a Firebase project.
[info] You can create multiple project aliases by running firebase use --add, 
[info] but for now we'll just set up a default project.
[info] 
[debug] [2025-05-06T15:53:01.267Z] Checked if tokens are valid: true, expires at: 1746548860846
[debug] [2025-05-06T15:53:01.267Z] Checked if tokens are valid: true, expires at: 1746548860846
[debug] [2025-05-06T15:53:01.271Z] >>> [apiv2][query] GET https://firebase.googleapis.com/v1beta1/availableProjects pageSize=100
[debug] [2025-05-06T15:53:02.677Z] <<< [apiv2][status] GET https://firebase.googleapis.com/v1beta1/availableProjects 200
[debug] [2025-05-06T15:53:02.677Z] <<< [apiv2][body] GET https://firebase.googleapis.com/v1beta1/availableProjects [omitted]
[debug] [2025-05-06T15:53:04.345Z] Checked if tokens are valid: true, expires at: 1746548860846
[debug] [2025-05-06T15:53:04.345Z] Checked if tokens are valid: true, expires at: 1746548860846
[debug] [2025-05-06T15:53:04.345Z] >>> [apiv2][query] POST https://firebase.googleapis.com/v1beta1/projects/gestiondecalidad:addFirebase [none]
[debug] [2025-05-06T15:53:04.742Z] <<< [apiv2][status] POST https://firebase.googleapis.com/v1beta1/projects/gestiondecalidad:addFirebase 403
[debug] [2025-05-06T15:53:04.743Z] <<< [apiv2][body] POST https://firebase.googleapis.com/v1beta1/projects/gestiondecalidad:addFirebase {"error":{"code":403,"message":"The caller does not have permission","status":"PERMISSION_DENIED"}}
[debug] [2025-05-06T15:53:04.743Z] Request to https://firebase.googleapis.com/v1beta1/projects/gestiondecalidad:addFirebase had HTTP Error: 403, The caller does not have permission
[debug] [2025-05-06T15:53:04.945Z] FirebaseError: Request to https://firebase.googleapis.com/v1beta1/projects/gestiondecalidad:addFirebase had HTTP Error: 403, The caller does not have permission
    at responseToError (C:\Users\maual\AppData\Roaming\npm\node_modules\firebase-tools\lib\responseToError.js:52:12)
    at RetryOperation._fn (C:\Users\maual\AppData\Roaming\npm\node_modules\firebase-tools\lib\apiv2.js:312:77)
    at process.processTicksAndRejections (node:internal/process/task_queues:95:5)
[error] 
[error] Error: Failed to add Firebase to Google Cloud Platform project. See firebase-debug.log for more info.
[debug] [2025-05-06T15:54:44.860Z] ----------------------------------------------------------------------
[debug] [2025-05-06T15:54:44.862Z] Command:       C:\Program Files\nodejs\node.exe C:\Users\maual\AppData\Roaming\npm\node_modules\firebase-tools\lib\bin\firebase.js init functions
[debug] [2025-05-06T15:54:44.862Z] CLI Version:   14.2.2
[debug] [2025-05-06T15:54:44.862Z] Platform:      win32
[debug] [2025-05-06T15:54:44.862Z] Node Version:  v20.17.0
[debug] [2025-05-06T15:54:44.862Z] Time:          Tue May 06 2025 11:54:44 GMT-0400 (hora de Bolivia)
[debug] [2025-05-06T15:54:44.862Z] ----------------------------------------------------------------------
[debug] 
[debug] [2025-05-06T15:54:44.867Z] > command requires scopes: ["email","openid","https://www.googleapis.com/auth/cloudplatformprojects.readonly","https://www.googleapis.com/auth/firebase","https://www.googleapis.com/auth/cloud-platform"]
[debug] [2025-05-06T15:54:44.867Z] > authorizing via signed-in user (mauricio.gutierrez.p@ucb.edu.bo)
[info] 
     ######## #### ########  ######## ########     ###     ######  ########
     ##        ##  ##     ## ##       ##     ##  ##   ##  ##       ##
     ######    ##  ########  ######   ########  #########  ######  ######
     ##        ##  ##    ##  ##       ##     ## ##     ##       ## ##
     ##       #### ##     ## ######## ########  ##     ##  ######  ########

You're about to initialize a Firebase project in this directory:

  C:\Users\maual\Documents\GitHub\gestion\backend2

